<?xml version="1.0" encoding="UTF-8"?>
<testng-results ignored="0" total="1" passed="1" failed="0" skipped="0">
  <reporter-output>
  </reporter-output>
  <suite started-at="2022-10-17T00:48:24 IST" name="Suite" finished-at="2022-10-17T00:48:31 IST" duration-ms="7025">
    <groups>
    </groups>
    <test started-at="2022-10-17T00:48:24 IST" name="Test" finished-at="2022-10-17T00:48:31 IST" duration-ms="7025">
      <class name="scripts.testcase1">
        <test-method is-config="true" signature="openapp()[pri:0, instance:scripts.testcase1@619713e5]" started-at="2022-10-17T00:48:24 IST" name="openapp" finished-at="2022-10-17T00:48:30 IST" duration-ms="5771" status="PASS">
          <reporter-output>
          </reporter-output>
        </test-method> <!-- openapp -->
        <test-method signature="tc1()[pri:0, instance:scripts.testcase1@619713e5]" started-at="2022-10-17T00:48:30 IST" name="tc1" finished-at="2022-10-17T00:48:30 IST" duration-ms="620" status="PASS">
          <reporter-output>
          </reporter-output>
        </test-method> <!-- tc1 -->
        <test-method is-config="true" signature="clossapp(org.testng.ITestResult)[pri:0, instance:scripts.testcase1@619713e5]" started-at="2022-10-17T00:48:30 IST" name="clossapp" finished-at="2022-10-17T00:48:31 IST" duration-ms="533" status="PASS">
          <params>
            <param index="0">
              <value>
                <![CDATA[[TestResult name=tc1 status=SUCCESS method=testcase1.tc1()[pri:0, instance:scripts.testcase1@619713e5] output={null}]]]>
              </value>
            </param>
          </params>
          <reporter-output>
          </reporter-output>
        </test-method> <!-- clossapp -->
      </class> <!-- scripts.testcase1 -->
    </test> <!-- Test -->
  </suite> <!-- Suite -->
</testng-results>
